#
# A fatal error has been detected by the Java Runtime Environment:
#
#  Internal Error (javaClasses.cpp:124), pid=6040, tid=2180
#  fatal error: Invalid layout of preloaded class
#
# JRE version:  (8.0_05-b13) (build )
# Java VM: Java HotSpot(TM) 64-Bit Server VM (25.5-b02 mixed mode windows-amd64 compressed oops)
# Failed to write core dump. Minidumps are not enabled by default on client versions of Windows
#
# If you would like to submit a bug report, please visit:
#   http://bugreport.sun.com/bugreport/crash.jsp
#

---------------  T H R E A D  ---------------

Current thread (0x0000000002e00800):  JavaThread "Unknown thread" [_thread_in_vm, id=2180, stack(0x0000000002c00000,0x0000000002d00000)]

Stack: [0x0000000002c00000,0x0000000002d00000]
Native frames: (J=compiled Java code, j=interpreted, Vv=VM code, C=native code)
V  [jvm.dll+0x308dea]
V  [jvm.dll+0x25def1]
V  [jvm.dll+0x25eb0f]
V  [jvm.dll+0x256466]
V  [jvm.dll+0x5d33c]
V  [jvm.dll+0x5d433]
V  [jvm.dll+0x71d2a]
V  [jvm.dll+0x72088]
V  [jvm.dll+0xe1607]
V  [jvm.dll+0xe1996]
V  [jvm.dll+0x1f13e7]
V  [jvm.dll+0x2227c4]
V  [jvm.dll+0x149f71]
C  [javaw.exe+0x208a]
C  [javaw.exe+0xc9db]
C  [javaw.exe+0xca6f]
C  [KERNEL32.DLL+0x16ad]
C  [ntdll.dll+0x734a5]


---------------  P R O C E S S  ---------------

Java Threads: ( => current thread )

Other Threads:

=>0x0000000002e00800 (exited) JavaThread "Unknown thread" [_thread_in_vm, id=2180, stack(0x0000000002c00000,0x0000000002d00000)]

VM state:not at safepoint (not fully initialized)

VM Mutex/Monitor currently owned by a thread: None

GC Heap History (0 events):
No events

Deoptimization events (0 events):
No events

Internal exceptions (0 events):
No events

Events (10 events):
Event: 0.029 loading class java/lang/CharSequence done
Event: 0.029 loading class java/lang/String done
Event: 0.029 loading class java/lang/Class
Event: 0.029 loading class java/lang/reflect/AnnotatedElement
Event: 0.029 loading class java/lang/reflect/AnnotatedElement done
Event: 0.029 loading class java/lang/reflect/GenericDeclaration
Event: 0.029 loading class java/lang/reflect/GenericDeclaration done
Event: 0.029 loading class java/lang/reflect/Type
Event: 0.029 loading class java/lang/reflect/Type done
Event: 0.029 loading class java/lang/Class done


Dynamic libraries:
0x00007ff70d140000 - 0x00007ff70d174000 	C:\Program Files\Java\jre8\bin\javaw.exe
0x00007ffcca510000 - 0x00007ffcca6ba000 	C:\WINDOWS\SYSTEM32\ntdll.dll
0x00007ffcc7ee0000 - 0x00007ffcc801a000 	C:\WINDOWS\system32\KERNEL32.DLL
0x00007ffcc79a0000 - 0x00007ffcc7aaf000 	C:\WINDOWS\system32\KERNELBASE.dll
0x00007ffcc6490000 - 0x00007ffcc6518000 	C:\WINDOWS\system32\apphelp.dll
0x00007ffcb6060000 - 0x00007ffcb60af000 	C:\WINDOWS\AppPatch\AppPatch64\AcGenral.DLL
0x00007ffcc8560000 - 0x00007ffcc8607000 	C:\WINDOWS\system32\msvcrt.dll
0x00007ffcc7660000 - 0x00007ffcc768b000 	C:\WINDOWS\SYSTEM32\SspiCli.dll
0x00007ffcc9d60000 - 0x00007ffcc9db1000 	C:\WINDOWS\system32\SHLWAPI.dll
0x00007ffcca0c0000 - 0x00007ffcca231000 	C:\WINDOWS\system32\USER32.dll
0x00007ffcca390000 - 0x00007ffcca508000 	C:\WINDOWS\system32\ole32.dll
0x00007ffcc8930000 - 0x00007ffcc9d4f000 	C:\WINDOWS\system32\SHELL32.dll
0x00007ffcc6e90000 - 0x00007ffcc6eae000 	C:\WINDOWS\SYSTEM32\USERENV.dll
0x00007ffcc8170000 - 0x00007ffcc8215000 	C:\WINDOWS\system32\ADVAPI32.dll
0x00007ffcb4c90000 - 0x00007ffcb4cab000 	C:\WINDOWS\SYSTEM32\MPR.dll
0x00007ffcc7d90000 - 0x00007ffcc7ec7000 	C:\WINDOWS\system32\RPCRT4.dll
0x00007ffcc8280000 - 0x00007ffcc82d7000 	C:\WINDOWS\SYSTEM32\sechost.dll
0x00007ffcc9dc0000 - 0x00007ffcc9f96000 	C:\WINDOWS\SYSTEM32\combase.dll
0x00007ffcc8020000 - 0x00007ffcc8164000 	C:\WINDOWS\system32\GDI32.dll
0x00007ffcc7880000 - 0x00007ffcc7894000 	C:\WINDOWS\SYSTEM32\profapi.dll
0x00007ffcc5ec0000 - 0x00007ffcc5f5f000 	C:\WINDOWS\SYSTEM32\SHCORE.dll
0x00007ffcca080000 - 0x00007ffcca0b4000 	C:\WINDOWS\system32\IMM32.DLL
0x00007ffcc87f0000 - 0x00007ffcc8929000 	C:\WINDOWS\system32\MSCTF.dll
0x00007ffcc56c0000 - 0x00007ffcc591a000 	C:\WINDOWS\WinSxS\amd64_microsoft.windows.common-controls_6595b64144ccf1df_6.0.9600.17031_none_6242a4b3ecbb55a1\COMCTL32.dll
0x00000000652a0000 - 0x0000000065372000 	C:\Program Files\Java\jre8\bin\msvcr100.dll
0x0000000064a70000 - 0x000000006529a000 	C:\Program Files\Java\jre8\bin\server\jvm.dll
0x00007ffcacc80000 - 0x00007ffcacc89000 	C:\WINDOWS\SYSTEM32\WSOCK32.dll
0x00007ffcc4fd0000 - 0x00007ffcc4fef000 	C:\WINDOWS\SYSTEM32\WINMM.dll
0x00007ffcc7ed0000 - 0x00007ffcc7ed7000 	C:\WINDOWS\system32\PSAPI.DLL
0x00007ffcca020000 - 0x00007ffcca078000 	C:\WINDOWS\system32\WS2_32.dll
0x00007ffcc4ee0000 - 0x00007ffcc4f0a000 	C:\WINDOWS\SYSTEM32\WINMMBASE.dll
0x00007ffcc9d50000 - 0x00007ffcc9d59000 	C:\WINDOWS\system32\NSI.dll
0x00007ffcc7950000 - 0x00007ffcc799a000 	C:\WINDOWS\SYSTEM32\cfgmgr32.dll
0x00007ffcc6710000 - 0x00007ffcc6736000 	C:\WINDOWS\SYSTEM32\DEVOBJ.dll
0x0000000064a60000 - 0x0000000064a6f000 	C:\Program Files\Java\jre8\bin\verify.dll
0x0000000064a30000 - 0x0000000064a58000 	C:\Program Files\Java\jre8\bin\java.dll
0x0000000064a10000 - 0x0000000064a26000 	C:\Program Files\Java\jre8\bin\zip.dll
0x00007ffcb51f0000 - 0x00007ffcb5378000 	C:\WINDOWS\SYSTEM32\dbghelp.dll

VM Arguments:
jvm_args: -Dfile.encoding=Cp1252 -Xbootclasspath:C:\Users\Andrew\android-sdks\platforms\android-18\android.jar 
java_command: com.mfedarko.smspidemic.TESTINGCAUSEIFORGOTJUNIT
java_class_path (initial): C:\Users\Andrew\git\SMSPidemic\bin\classes;C:\Users\Andrew\git\SMSPidemic\libs\android-support-v4.jar
Launcher Type: SUN_STANDARD

Environment Variables:
PATH=C:/Program Files/Java/jre1.8.0_20/bin/server;C:/Program Files/Java/jre1.8.0_20/bin;C:/Program Files/Java/jre1.8.0_20/lib/amd64;C:\ProgramData\Oracle\Java\javapath;C:\Program Files (x86)\Intel\iCLS Client\;C:\Program Files\Intel\iCLS Client\;C:\Program Files (x86)\NVIDIA Corporation\PhysX\Common;C:\WINDOWS\system32;C:\WINDOWS;C:\WINDOWS\System32\Wbem;C:\WINDOWS\System32\WindowsPowerShell\v1.0\;C:\Program Files (x86)\Windows Live\Shared;C:\Program Files\Intel\Intel(R) Management Engine Components\DAL;C:\Program Files\Intel\Intel(R) Management Engine Components\IPT;C:\Program Files (x86)\Intel\Intel(R) Management Engine Components\DAL;C:\Program Files (x86)\Intel\Intel(R) Management Engine Components\IPT;C:\Program Files (x86)\Windows Kits\8.1\Windows Performance Toolkit\;C:\Program Files\Microsoft SQL Server\110\Tools\Binn\;C:\Program Files (x86)\Microsoft SDKs\TypeScript\1.0\;C:\Software\eclipse;
USERNAME=Andrew
OS=Windows_NT
PROCESSOR_IDENTIFIER=Intel64 Family 6 Model 60 Stepping 3, GenuineIntel



---------------  S Y S T E M  ---------------

OS: Windows 8.1 , 64 bit Build 9600 

CPU:total 8 (4 cores per cpu, 2 threads per core) family 6 model 60 stepping 3, cmov, cx8, fxsr, mmx, sse, sse2, sse3, ssse3, sse4.1, sse4.2, popcnt, avx, avx2, aes, clmul, erms, ht, tsc, tscinvbit

Memory: 4k page, physical 16657512k(12045420k free), swap 19147880k(13708952k free)

vm_info: Java HotSpot(TM) 64-Bit Server VM (25.5-b02) for windows-amd64 JRE (1.8.0_05-b13), built on Mar 18 2014 01:08:39 by "java_re" with MS VC++ 10.0 (VS2010)

time: Sat Sep 27 21:09:58 2014
elapsed time: 0 seconds

